<?xml version="1.0" encoding="UTF-8"?>
<testsuite name="com.shraddha.expensetest.core.data.local.dao.ExpenseDaoTest" tests="2" skipped="0" failures="2" errors="0" timestamp="2026-03-16T07:30:15.817Z" hostname="shraddhakumar-mac.roam.internal" time="1.49">
  <properties/>
  <testcase name="getExpensesBetweenDates" classname="com.shraddha.expensetest.core.data.local.dao.ExpenseDaoTest" time="1.467">
    <failure message="java.lang.IllegalArgumentException: Unsupported class file major version 69" type="java.lang.IllegalArgumentException">java.lang.IllegalArgumentException: Unsupported class file major version 69
	at org.objectweb.asm.ClassReader.&lt;init&gt;(ClassReader.java:200)
	at org.objectweb.asm.ClassReader.&lt;init&gt;(ClassReader.java:180)
	at org.objectweb.asm.ClassReader.&lt;init&gt;(ClassReader.java:166)
	at org.robolectric.internal.bytecode.ClassNodeProvider.createClassNode(ClassNodeProvider.java:24)
	at org.robolectric.internal.bytecode.ClassNodeProvider.getClassNode(ClassNodeProvider.java:16)
	at org.robolectric.internal.bytecode.InstrumentingClassWriter.typeInfo(InstrumentingClassWriter.java:114)
	at org.robolectric.internal.bytecode.InstrumentingClassWriter.getCommonSuperClass(InstrumentingClassWriter.java:36)
	at org.objectweb.asm.SymbolTable.addMergedType(SymbolTable.java:1286)
	at org.objectweb.asm.Frame.merge(Frame.java:1311)
	at org.objectweb.asm.Frame.merge(Frame.java:1218)
	at org.objectweb.asm.MethodWriter.computeAllFrames(MethodWriter.java:1612)
	at org.objectweb.asm.MethodWriter.visitMaxs(MethodWriter.java:1548)
	at org.objectweb.asm.MethodVisitor.visitMaxs(MethodVisitor.java:787)
	at org.objectweb.asm.tree.MethodNode.accept(MethodNode.java:767)
	at org.objectweb.asm.tree.MethodNode.accept(MethodNode.java:647)
	at org.objectweb.asm.tree.ClassNode.accept(ClassNode.java:468)
	at org.robolectric.internal.bytecode.ClassInstrumentor.instrumentToBytes(ClassInstrumentor.java:132)
	at org.robolectric.internal.bytecode.ClassInstrumentor.lambda$instrument$1(ClassInstrumentor.java:147)
	at org.robolectric.util.PerfStatsCollector.measure(PerfStatsCollector.java:51)
	at org.robolectric.internal.bytecode.ClassInstrumentor.instrument(ClassInstrumentor.java:147)
	at org.robolectric.internal.bytecode.SandboxClassLoader.maybeInstrumentClass(SandboxClassLoader.java:153)
	at org.robolectric.internal.bytecode.SandboxClassLoader.lambda$loadClass$0(SandboxClassLoader.java:136)
	at org.robolectric.util.PerfStatsCollector.measure(PerfStatsCollector.java:51)
	at org.robolectric.internal.bytecode.SandboxClassLoader.loadClass(SandboxClassLoader.java:136)
	at java.base/java.lang.ClassLoader.loadClass(ClassLoader.java:490)
	at org.robolectric.Shadows.reset(Shadows.java:2764)
	at org.robolectric.android.internal.AndroidTestEnvironment.resetState(AndroidTestEnvironment.java:579)
	at org.robolectric.RobolectricTestRunner.lambda$finallyAfterTest$0(RobolectricTestRunner.java:326)
	at org.robolectric.util.PerfStatsCollector.measure(PerfStatsCollector.java:82)
	at org.robolectric.RobolectricTestRunner.finallyAfterTest(RobolectricTestRunner.java:324)
	at org.robolectric.internal.SandboxTestRunner$2.lambda$evaluate$2(SandboxTestRunner.java:298)
	at org.robolectric.internal.bytecode.Sandbox.lambda$runOnMainThread$0(Sandbox.java:104)
	at java.base/java.util.concurrent.FutureTask.run(FutureTask.java:328)
	at java.base/java.util.concurrent.ThreadPoolExecutor.runWorker(ThreadPoolExecutor.java:1090)
	at java.base/java.util.concurrent.ThreadPoolExecutor$Worker.run(ThreadPoolExecutor.java:614)
	at java.base/java.lang.Thread.run(Thread.java:1474)
</failure>
  </testcase>
  <testcase name="writeExpenseAndReadInList" classname="com.shraddha.expensetest.core.data.local.dao.ExpenseDaoTest" time="0.022">
    <failure message="java.lang.IllegalArgumentException: Unsupported class file major version 69" type="java.lang.IllegalArgumentException">java.lang.IllegalArgumentException: Unsupported class file major version 69
	at org.objectweb.asm.ClassReader.&lt;init&gt;(ClassReader.java:200)
	at org.objectweb.asm.ClassReader.&lt;init&gt;(ClassReader.java:180)
	at org.objectweb.asm.ClassReader.&lt;init&gt;(ClassReader.java:166)
	at org.robolectric.internal.bytecode.ClassNodeProvider.createClassNode(ClassNodeProvider.java:24)
	at org.robolectric.internal.bytecode.ClassNodeProvider.getClassNode(ClassNodeProvider.java:16)
	at org.robolectric.internal.bytecode.InstrumentingClassWriter.typeInfo(InstrumentingClassWriter.java:114)
	at org.robolectric.internal.bytecode.InstrumentingClassWriter.getCommonSuperClass(InstrumentingClassWriter.java:36)
	at org.objectweb.asm.SymbolTable.addMergedType(SymbolTable.java:1286)
	at org.objectweb.asm.Frame.merge(Frame.java:1311)
	at org.objectweb.asm.Frame.merge(Frame.java:1218)
	at org.objectweb.asm.MethodWriter.computeAllFrames(MethodWriter.java:1612)
	at org.objectweb.asm.MethodWriter.visitMaxs(MethodWriter.java:1548)
	at org.objectweb.asm.MethodVisitor.visitMaxs(MethodVisitor.java:787)
	at org.objectweb.asm.tree.MethodNode.accept(MethodNode.java:767)
	at org.objectweb.asm.tree.MethodNode.accept(MethodNode.java:647)
	at org.objectweb.asm.tree.ClassNode.accept(ClassNode.java:468)
	at org.robolectric.internal.bytecode.ClassInstrumentor.instrumentToBytes(ClassInstrumentor.java:132)
	at org.robolectric.internal.bytecode.ClassInstrumentor.lambda$instrument$1(ClassInstrumentor.java:147)
	at org.robolectric.util.PerfStatsCollector.measure(PerfStatsCollector.java:51)
	at org.robolectric.internal.bytecode.ClassInstrumentor.instrument(ClassInstrumentor.java:147)
	at org.robolectric.internal.bytecode.SandboxClassLoader.maybeInstrumentClass(SandboxClassLoader.java:153)
	at org.robolectric.internal.bytecode.SandboxClassLoader.lambda$loadClass$0(SandboxClassLoader.java:136)
	at org.robolectric.util.PerfStatsCollector.measure(PerfStatsCollector.java:51)
	at org.robolectric.internal.bytecode.SandboxClassLoader.loadClass(SandboxClassLoader.java:136)
	at java.base/java.lang.ClassLoader.loadClass(ClassLoader.java:490)
	at org.robolectric.Shadows.reset(Shadows.java:2764)
	at org.robolectric.android.internal.AndroidTestEnvironment.resetState(AndroidTestEnvironment.java:579)
	at org.robolectric.RobolectricTestRunner.lambda$finallyAfterTest$0(RobolectricTestRunner.java:326)
	at org.robolectric.util.PerfStatsCollector.measure(PerfStatsCollector.java:82)
	at org.robolectric.RobolectricTestRunner.finallyAfterTest(RobolectricTestRunner.java:324)
	at org.robolectric.internal.SandboxTestRunner$2.lambda$evaluate$2(SandboxTestRunner.java:298)
	at org.robolectric.internal.bytecode.Sandbox.lambda$runOnMainThread$0(Sandbox.java:104)
	at java.base/java.util.concurrent.FutureTask.run(FutureTask.java:328)
	at java.base/java.util.concurrent.ThreadPoolExecutor.runWorker(ThreadPoolExecutor.java:1090)
	at java.base/java.util.concurrent.ThreadPoolExecutor$Worker.run(ThreadPoolExecutor.java:614)
	at java.base/java.lang.Thread.run(Thread.java:1474)
</failure>
  </testcase>
  <system-out><![CDATA[]]></system-out>
  <system-err><![CDATA[]]></system-err>
</testsuite>
