<?xml version="1.0" encoding="UTF-8"?>
<testsuite name="com.shraddha.expensetest.feature.expenses.presentation.dashboard.DashboardScreenshotTest" tests="2" skipped="0" failures="0" errors="0" timestamp="2026-03-20T04:02:34.942Z" hostname="shraddhakumar-mac.roam.internal" time="2.216">
  <properties/>
  <testcase name="SummaryCardPreview" classname="com.shraddha.expensetest.feature.expenses.presentation.dashboard.DashboardScreenshotTest" time="0.018">
    <properties>
      <property name="PreviewScreenshot.previewName" value="SummaryCardPreview"/>
      <property name="PreviewScreenshot.methodName" value="SummaryCardPreview"/>
      <property name="PreviewScreenshot.refImagePath" value="/Users/shraddhakumar/Downloads/ExpenseTest/feature-expenses/src/screenshotTestDebug/reference/com/shraddha/expensetest/feature/expenses/presentation/dashboard/DashboardScreenshotTest/SummaryCardPreview_748aa731_0.png"/>
      <property name="PreviewScreenshot.newImagePath" value="/Users/shraddhakumar/Downloads/ExpenseTest/feature-expenses/build/outputs/screenshotTest-results/preview/debug/rendered/com/shraddha/expensetest/feature/expenses/presentation/dashboard/DashboardScreenshotTest/SummaryCardPreview_748aa731_0.png"/>
    </properties>
  </testcase>
  <testcase name="ExpenseItemPreview" classname="com.shraddha.expensetest.feature.expenses.presentation.dashboard.DashboardScreenshotTest" time="0.005">
    <properties>
      <property name="PreviewScreenshot.previewName" value="ExpenseItemPreview"/>
      <property name="PreviewScreenshot.methodName" value="ExpenseItemPreview"/>
      <property name="PreviewScreenshot.refImagePath" value="/Users/shraddhakumar/Downloads/ExpenseTest/feature-expenses/src/screenshotTestDebug/reference/com/shraddha/expensetest/feature/expenses/presentation/dashboard/DashboardScreenshotTest/ExpenseItemPreview_748aa731_0.png"/>
      <property name="PreviewScreenshot.newImagePath" value="/Users/shraddhakumar/Downloads/ExpenseTest/feature-expenses/build/outputs/screenshotTest-results/preview/debug/rendered/com/shraddha/expensetest/feature/expenses/presentation/dashboard/DashboardScreenshotTest/ExpenseItemPreview_748aa731_0.png"/>
    </properties>
  </testcase>
  <system-out><![CDATA[]]></system-out>
  <system-err><![CDATA[]]></system-err>
</testsuite>
