<?xml version="1.0" encoding="UTF-8"?>
<testsuite name="com.shraddha.expensetest.feature.expenses.presentation.trends.TrendsScreenshotTest" tests="1" skipped="0" failures="0" errors="0" timestamp="2026-03-16T10:45:02.971Z" hostname="shraddhakumar-mac.roam.internal" time="0.034">
  <properties/>
  <testcase name="SimpleBarChartPreview" classname="com.shraddha.expensetest.feature.expenses.presentation.trends.TrendsScreenshotTest" time="0.034"/>
  <system-out><![CDATA[]]></system-out>
  <system-err><![CDATA[]]></system-err>
</testsuite>
