<?xml version="1.0" encoding="UTF-8"?>
<testsuite name="com.shraddha.expensetest.feature.expenses.presentation.dashboard.DashboardScreenshotTest" tests="2" skipped="0" failures="0" errors="0" timestamp="2026-03-16T10:45:02.789Z" hostname="shraddhakumar-mac.roam.internal" time="0.111">
  <properties/>
  <testcase name="SummaryCardPreview" classname="com.shraddha.expensetest.feature.expenses.presentation.dashboard.DashboardScreenshotTest" time="0.047"/>
  <testcase name="ExpenseItemPreview" classname="com.shraddha.expensetest.feature.expenses.presentation.dashboard.DashboardScreenshotTest" time="0.014"/>
  <system-out><![CDATA[]]></system-out>
  <system-err><![CDATA[]]></system-err>
</testsuite>
