<?xml version="1.0" encoding="UTF-8"?>
<testsuite name="com.shraddha.expensetest.feature.expenses.presentation.input.InputViewModelTest" tests="2" skipped="0" failures="0" errors="0" timestamp="2026-03-20T04:46:38.099Z" hostname="shraddhakumar-mac.roam.internal" time="0.019">
  <properties/>
  <testcase name="onSaveExpense with valid input emits SaveSuccess" classname="com.shraddha.expensetest.feature.expenses.presentation.input.InputViewModelTest" time="0.017"/>
  <testcase name="onSaveExpense with empty amount emits ShowError" classname="com.shraddha.expensetest.feature.expenses.presentation.input.InputViewModelTest" time="0.002"/>
  <system-out><![CDATA[]]></system-out>
  <system-err><![CDATA[]]></system-err>
</testsuite>
