<?xml version="1.0" encoding="UTF-8"?>
<testsuite name="com.shraddha.expensetest.feature.expenses.domain.usecase.GetTrendsUseCaseTest" tests="2" skipped="0" failures="0" errors="0" timestamp="2026-03-20T04:46:38.034Z" hostname="shraddhakumar-mac.roam.internal" time="0.006">
  <properties/>
  <testcase name="when repository returns expenses, correctly groups by date" classname="com.shraddha.expensetest.feature.expenses.domain.usecase.GetTrendsUseCaseTest" time="0.004"/>
  <testcase name="when repository returns empty list, returns empty trends" classname="com.shraddha.expensetest.feature.expenses.domain.usecase.GetTrendsUseCaseTest" time="0.002"/>
  <system-out><![CDATA[]]></system-out>
  <system-err><![CDATA[]]></system-err>
</testsuite>
