<?xml version="1.0" encoding="UTF-8"?>
<testsuite name="com.shraddha.expensetest.feature.expenses.data.repository.ExpenseRepositoryImplTest" tests="2" skipped="0" failures="0" errors="0" timestamp="2026-03-16T10:45:53.669Z" hostname="shraddhakumar-mac.roam.internal" time="1.008">
  <properties/>
  <testcase name="insertExpense calls dao with mapped entity" classname="com.shraddha.expensetest.feature.expenses.data.repository.ExpenseRepositoryImplTest" time="0.976"/>
  <testcase name="getAllExpenses returns mapped domain models" classname="com.shraddha.expensetest.feature.expenses.data.repository.ExpenseRepositoryImplTest" time="0.031"/>
  <system-out><![CDATA[]]></system-out>
  <system-err><![CDATA[WARNING: A Java agent has been loaded dynamically (/Users/shraddhakumar/.gradle/caches/modules-2/files-2.1/net.bytebuddy/byte-buddy-agent/1.14.6/46e2545d7a97b6ccb195621650c5957279eb4812/byte-buddy-agent-1.14.6.jar)
WARNING: If a serviceability tool is in use, please run with -XX:+EnableDynamicAgentLoading to hide this warning
WARNING: If a serviceability tool is not in use, please run with -Djdk.instrument.traceUsage for more information
WARNING: Dynamic loading of agents will be disallowed by default in a future release
]]></system-err>
</testsuite>
