<?xml version="1.0" encoding="UTF-8"?>
<testsuite name="com.shraddha.expensetest.feature.expenses.presentation.dashboard.DashboardViewModelTest" tests="1" skipped="0" failures="0" errors="0" timestamp="2026-03-20T04:46:38.042Z" hostname="shraddhakumar-mac.roam.internal" time="0.056">
  <properties/>
  <testcase name="initial state reflects use case data" classname="com.shraddha.expensetest.feature.expenses.presentation.dashboard.DashboardViewModelTest" time="0.056"/>
  <system-out><![CDATA[]]></system-out>
  <system-err><![CDATA[]]></system-err>
</testsuite>
