<?xml version="1.0" encoding="UTF-8"?>
<testsuite name="com.shraddha.expensetest.feature.expenses.presentation.trends.TrendsViewModelTest" tests="1" skipped="0" failures="0" errors="0" timestamp="2026-03-20T04:46:38.119Z" hostname="shraddhakumar-mac.roam.internal" time="0.016">
  <properties/>
  <testcase name="initial state reflects trends data" classname="com.shraddha.expensetest.feature.expenses.presentation.trends.TrendsViewModelTest" time="0.016"/>
  <system-out><![CDATA[]]></system-out>
  <system-err><![CDATA[]]></system-err>
</testsuite>
