<?xml version="1.0" encoding="UTF-8"?>
<testsuite name="com.shraddha.expensetest.feature.expenses.presentation.input.InputViewModelTest" tests="2" skipped="0" failures="0" errors="0" timestamp="2026-03-16T10:45:54.882Z" hostname="shraddhakumar-mac.roam.internal" time="0.024">
  <properties/>
  <testcase name="onSaveExpense with valid input emits SaveSuccess" classname="com.shraddha.expensetest.feature.expenses.presentation.input.InputViewModelTest" time="0.019"/>
  <testcase name="onSaveExpense with invalid input emits ShowError" classname="com.shraddha.expensetest.feature.expenses.presentation.input.InputViewModelTest" time="0.005"/>
  <system-out><![CDATA[]]></system-out>
  <system-err><![CDATA[]]></system-err>
</testsuite>
