<?xml version="1.0" encoding="UTF-8"?>
<testsuite name="com.shraddha.expensetest.feature.expenses.domain.usecase.GetDashboardStatsUseCaseTest" tests="1" skipped="0" failures="0" errors="0" timestamp="2026-03-16T10:45:54.746Z" hostname="shraddhakumar-mac.roam.internal" time="0.005">
  <properties/>
  <testcase name="invoke returns correct stats" classname="com.shraddha.expensetest.feature.expenses.domain.usecase.GetDashboardStatsUseCaseTest" time="0.005"/>
  <system-out><![CDATA[]]></system-out>
  <system-err><![CDATA[]]></system-err>
</testsuite>
