<?xml version="1.0" encoding="UTF-8"?>
<testsuite name="com.shraddha.expensetest.feature.expenses.domain.usecase.GetExpensesUseCaseTest" tests="1" skipped="0" failures="0" errors="0" timestamp="2026-03-20T04:46:38.031Z" hostname="shraddhakumar-mac.roam.internal" time="0.002">
  <properties/>
  <testcase name="invoke returns flow of expenses from repository" classname="com.shraddha.expensetest.feature.expenses.domain.usecase.GetExpensesUseCaseTest" time="0.002"/>
  <system-out><![CDATA[]]></system-out>
  <system-err><![CDATA[]]></system-err>
</testsuite>
